\BOOKMARK [0][-]{chapter.1}{\376\377\000I\000n\000t\000r\000o\000d\000u\000c\000t\000i\000o\000n}{}% 1
\BOOKMARK [1][-]{section.1.1}{\376\377\000C\000o\000n\000t\000e\000x\000t}{chapter.1}% 2
\BOOKMARK [1][-]{section.1.2}{\376\377\000T\000h\000e\000\040\000P\000r\000o\000b\000l\000e\000m}{chapter.1}% 3
\BOOKMARK [1][-]{section.1.3}{\376\377\000O\000b\000j\000e\000c\000t\000i\000v\000e\000s}{chapter.1}% 4
\BOOKMARK [1][-]{section.1.4}{\376\377\000P\000r\000o\000p\000o\000s\000e\000d\000\040\000S\000o\000l\000u\000t\000i\000o\000n}{chapter.1}% 5
\BOOKMARK [1][-]{section.1.5}{\376\377\000O\000b\000t\000a\000i\000n\000e\000d\000\040\000R\000e\000s\000u\000l\000t\000s}{chapter.1}% 6
\BOOKMARK [1][-]{section.1.6}{\376\377\000T\000h\000e\000s\000i\000s\000\040\000S\000t\000r\000u\000c\000t\000u\000r\000e}{chapter.1}% 7
\BOOKMARK [0][-]{chapter.2}{\376\377\000M\000o\000t\000i\000v\000a\000t\000i\000o\000n\000\040\000a\000n\000d\000\040\000R\000e\000q\000u\000i\000r\000e\000m\000e\000n\000t\000s\000\040\000A\000n\000a\000l\000y\000s\000i\000s}{}% 8
\BOOKMARK [1][-]{section.2.1}{\376\377\000M\000o\000t\000i\000v\000a\000t\000i\000o\000n}{chapter.2}% 9
\BOOKMARK [1][-]{section.2.2}{\376\377\000R\000e\000q\000u\000i\000r\000e\000m\000e\000n\000t\000s}{chapter.2}% 10
\BOOKMARK [1][-]{section.2.3}{\376\377\000U\000s\000e\000\040\000C\000a\000s\000e}{chapter.2}% 11
\BOOKMARK [0][-]{chapter.3}{\376\377\000R\000e\000l\000a\000t\000e\000d\000\040\000W\000o\000r\000k}{}% 12
\BOOKMARK [1][-]{section.3.1}{\376\377\000S\000i\000m\000i\000l\000i\000a\000r\000\040\000S\000o\000l\000u\000t\000i\000o\000n\000s}{chapter.3}% 13
\BOOKMARK [2][-]{subsection.3.1.1}{\376\377\0001\0000\0000\0000\000p\000i\000p\000\040\000C\000l\000i\000m\000b\000e\000r\000\040\000S\000y\000s\000t\000e\000m}{section.3.1}% 14
\BOOKMARK [2][-]{subsection.3.1.2}{\376\377\000Z\000e\000n\000b\000o\000t}{section.3.1}% 15
\BOOKMARK [1][-]{section.3.2}{\376\377\000C\000o\000m\000p\000a\000r\000i\000s\000o\000n}{chapter.3}% 16
\BOOKMARK [0][-]{chapter.4}{\376\377\000P\000r\000o\000p\000o\000s\000e\000d\000\040\000S\000o\000l\000u\000t\000i\000o\000n}{}% 17
\BOOKMARK [1][-]{section.4.1}{\376\377\000T\000e\000c\000h\000n\000o\000l\000o\000g\000i\000e\000s}{chapter.4}% 18
\BOOKMARK [2][-]{subsection.4.1.1}{\376\377\000A\000W\000T\000\040\000A\000P\000I}{section.4.1}% 19
\BOOKMARK [2][-]{subsection.4.1.2}{\376\377\000S\000w\000i\000n\000g\000\040\000A\000P\000I}{section.4.1}% 20
\BOOKMARK [1][-]{section.4.2}{\376\377\000X\000T\000B\000'\000s\000\040\000A\000P\000I}{chapter.4}% 21
\BOOKMARK [0][-]{chapter.5}{\376\377\000I\000m\000p\000l\000e\000m\000e\000n\000t\000a\000t\000i\000o\000n\000\040\000D\000e\000t\000a\000i\000l\000s}{}% 22
\BOOKMARK [1][-]{section.5.1}{\376\377\000B\000u\000i\000l\000d\000i\000n\000g\000\040\000t\000h\000e\000\040\000I\000n\000t\000e\000r\000f\000a\000c\000e}{chapter.5}% 23
\BOOKMARK [2][-]{subsection.5.1.1}{\376\377\000L\000o\000g\000i\000n\000\040\000w\000i\000n\000d\000o\000w}{section.5.1}% 24
\BOOKMARK [2][-]{subsection.5.1.2}{\376\377\000M\000a\000i\000n\000\040\000p\000a\000n\000e\000l}{section.5.1}% 25
\BOOKMARK [2][-]{subsection.5.1.3}{\376\377\000T\000h\000e\000\040\000o\000u\000t\000p\000u\000t\000\040\000w\000i\000n\000d\000o\000w}{section.5.1}% 26
\BOOKMARK [2][-]{subsection.5.1.4}{\376\377\000T\000h\000e\000\040\000m\000a\000i\000n\000\040\000f\000r\000a\000m\000e}{section.5.1}% 27
\BOOKMARK [2][-]{subsection.5.1.5}{\376\377\000T\000h\000e\000\040\000l\000o\000g\000o}{section.5.1}% 28
\BOOKMARK [2][-]{subsection.5.1.6}{\376\377\000E\000v\000e\000n\000t\000s}{section.5.1}% 29
\BOOKMARK [1][-]{section.5.2}{\376\377\000T\000h\000e\000\040\000A\000l\000g\000o\000r\000i\000t\000h\000m}{chapter.5}% 30
\BOOKMARK [2][-]{subsection.5.2.1}{\376\377\000C\000h\000o\000o\000s\000i\000n\000g\000\040\000t\000h\000e\000\040\000r\000i\000g\000h\000t\000\040\000d\000e\000s\000i\000g\000n\000\040\000p\000a\000t\000t\000e\000r\000n}{section.5.2}% 31
\BOOKMARK [0][-]{chapter.6}{\376\377\000E\000x\000p\000e\000r\000i\000m\000e\000n\000t\000a\000l\000\040\000R\000e\000s\000u\000l\000t\000s}{}% 32
\BOOKMARK [1][-]{section.6.1}{\376\377\000I\000n\000t\000e\000r\000f\000a\000c\000e\000\040\000S\000c\000r\000e\000e\000n\000s\000h\000o\000t\000s}{chapter.6}% 33
\BOOKMARK [1][-]{section.6.2}{\376\377\000R\000e\000s\000u\000l\000t\000s}{chapter.6}% 34
\BOOKMARK [0][-]{chapter.7}{\376\377\000C\000o\000n\000c\000l\000u\000s\000i\000o\000n\000\040\000a\000n\000d\000\040\000F\000u\000t\000u\000r\000e\000\040\000W\000o\000r\000k}{}% 35
